{"level":"error","message":"sendSMS is not defined","service":"user-service"}
{"level":"error","message":"sendSMS is not defined","service":"user-service"}
{"level":"error","message":"sendSMS is not defined","service":"user-service"}
{"level":"error","message":"sendSMS is not defined","service":"user-service"}
{"level":"error","message":"sendSMS is not defined","service":"user-service"}
{"level":"error","message":"sendSMS is not defined","service":"user-service"}
{"level":"error","message":"sendSMS is not defined","service":"user-service"}
{"level":"error","message":"sendSMS is not defined","service":"user-service"}
{"level":"error","message":"sendSMS is not defined","service":"user-service"}
{"level":"error","message":"sendSMS is not defined","service":"user-service"}
{"level":"error","message":"Server error while trying to get all accounts: SequelizeConnectionRefusedError","service":"user-service"}
{"level":"error","message":"","service":"user-service"}
{"level":"error","message":"Server error while trying to get all accounts: SequelizeConnectionRefusedError","service":"user-service"}
{"level":"error","message":"","service":"user-service"}
{"level":"error","message":"Server error while trying to get all accounts: SequelizeConnectionRefusedError","service":"user-service"}
{"level":"error","message":"","service":"user-service"}
{"level":"error","message":"Server error while trying to get all accounts: SequelizeConnectionRefusedError","service":"user-service"}
{"level":"error","message":"","service":"user-service"}
{"level":"error","message":"Server error while trying to get all accounts: SequelizeConnectionRefusedError","service":"user-service"}
{"level":"error","message":"","service":"user-service"}
{"level":"error","message":"Server error while trying to get all accounts: SequelizeConnectionRefusedError","service":"user-service"}
{"level":"error","message":"","service":"user-service"}
{"level":"error","message":"Server error while trying to get all accounts: SequelizeConnectionRefusedError","service":"user-service"}
{"level":"error","message":"","service":"user-service"}
{"level":"error","message":"Server error while trying to get all accounts: SequelizeConnectionRefusedError","service":"user-service"}
{"level":"error","message":"","service":"user-service"}
{"level":"error","message":"Server error while trying to get all accounts: SequelizeConnectionRefusedError","service":"user-service"}
{"level":"error","message":"","service":"user-service"}
{"level":"error","message":"Server error while trying to get all accounts: SequelizeConnectionRefusedError","service":"user-service"}
{"level":"error","message":"","service":"user-service"}
{"level":"error","message":"Server error while trying to get all accounts: SequelizeConnectionRefusedError","service":"user-service"}
{"level":"error","message":"","service":"user-service"}
{"level":"error","message":"Server error while trying to get all accounts: SequelizeConnectionRefusedError","service":"user-service"}
{"level":"error","message":"","service":"user-service"}
{"level":"error","message":"Server error while trying to get all accounts: SequelizeConnectionRefusedError","service":"user-service"}
{"level":"error","message":"","service":"user-service"}
{"level":"error","message":"Server error while trying to get all accounts: SequelizeConnectionRefusedError","service":"user-service"}
{"level":"error","message":"","service":"user-service"}
{"level":"error","message":"Server error while trying to get all accounts: SequelizeConnectionRefusedError","service":"user-service"}
{"level":"error","message":"","service":"user-service"}
{"level":"error","message":"Server error while trying to get all accounts: SequelizeConnectionRefusedError","service":"user-service"}
{"level":"error","message":"","service":"user-service"}
{"level":"error","message":"Server error while trying to get all accounts: SequelizeConnectionRefusedError","service":"user-service"}
{"level":"error","message":"","service":"user-service"}
{"level":"error","message":"Server error while trying to get all accounts: SequelizeConnectionRefusedError","service":"user-service"}
{"level":"error","message":"","service":"user-service"}
{"level":"error","message":"Server error while trying to get all accounts: SequelizeConnectionRefusedError","service":"user-service"}
{"level":"error","message":"","service":"user-service"}
{"level":"error","message":"Server error while trying to get all accounts: SequelizeConnectionRefusedError","service":"user-service"}
{"level":"error","message":"","service":"user-service"}
{"level":"error","message":"Server error while trying to get all accounts: SequelizeConnectionRefusedError","service":"user-service"}
{"level":"error","message":"","service":"user-service"}
{"level":"error","message":"Server error while trying to get all accounts: SequelizeConnectionRefusedError","service":"user-service"}
{"level":"error","message":"","service":"user-service"}
{"level":"error","message":"Server error while trying to get all accounts: SequelizeConnectionError: SASL: SCRAM-SERVER-FIRST-MESSAGE: client password must be a string","service":"user-service"}
{"level":"error","message":"SASL: SCRAM-SERVER-FIRST-MESSAGE: client password must be a string","service":"user-service"}
{"level":"error","message":"Server error while trying to get all accounts: SequelizeConnectionError: SASL: SCRAM-SERVER-FIRST-MESSAGE: client password must be a string","service":"user-service"}
{"level":"error","message":"SASL: SCRAM-SERVER-FIRST-MESSAGE: client password must be a string","service":"user-service"}
{"level":"error","message":"Server error while trying to get all accounts: SequelizeConnectionError: SASL: SCRAM-SERVER-FIRST-MESSAGE: client password must be a string","service":"user-service"}
{"level":"error","message":"SASL: SCRAM-SERVER-FIRST-MESSAGE: client password must be a string","service":"user-service"}
{"level":"error","message":"Server error while trying to get all accounts: SequelizeConnectionError: SASL: SCRAM-SERVER-FIRST-MESSAGE: client password must be a string","service":"user-service"}
{"level":"error","message":"SASL: SCRAM-SERVER-FIRST-MESSAGE: client password must be a string","service":"user-service"}
{"level":"error","message":"Server error while trying to get all accounts: SequelizeConnectionError: SASL: SCRAM-SERVER-FIRST-MESSAGE: client password must be a string","service":"user-service"}
{"level":"error","message":"SASL: SCRAM-SERVER-FIRST-MESSAGE: client password must be a string","service":"user-service"}
{"level":"error","message":"Server error while trying to get all accounts: SequelizeConnectionError: SASL: SCRAM-SERVER-FIRST-MESSAGE: client password must be a string","service":"user-service"}
{"level":"error","message":"SASL: SCRAM-SERVER-FIRST-MESSAGE: client password must be a string","service":"user-service"}
{"level":"error","message":"Server error while trying to get all accounts: SequelizeConnectionError: SASL: SCRAM-SERVER-FIRST-MESSAGE: client password must be a string","service":"user-service"}
{"level":"error","message":"SASL: SCRAM-SERVER-FIRST-MESSAGE: client password must be a string","service":"user-service"}
{"level":"error","message":"Server error while trying to get all accounts: SequelizeConnectionError: SASL: SCRAM-SERVER-FIRST-MESSAGE: client password must be a string","service":"user-service"}
{"level":"error","message":"SASL: SCRAM-SERVER-FIRST-MESSAGE: client password must be a string","service":"user-service"}
{"level":"error","message":"Server error while trying to get all accounts: SequelizeConnectionError: SASL: SCRAM-SERVER-FIRST-MESSAGE: client password must be a string","service":"user-service"}
{"level":"error","message":"SASL: SCRAM-SERVER-FIRST-MESSAGE: client password must be a string","service":"user-service"}
{"level":"error","message":"Server error while trying to get all accounts: SequelizeConnectionError: SASL: SCRAM-SERVER-FIRST-MESSAGE: client password must be a string","service":"user-service"}
{"level":"error","message":"SASL: SCRAM-SERVER-FIRST-MESSAGE: client password must be a string","service":"user-service"}
{"level":"error","message":"Server error while trying to get all accounts: SequelizeConnectionError: SASL: SCRAM-SERVER-FIRST-MESSAGE: client password must be a string","service":"user-service"}
{"level":"error","message":"SASL: SCRAM-SERVER-FIRST-MESSAGE: client password must be a string","service":"user-service"}
{"level":"error","message":"Server error while trying to get all accounts: SequelizeConnectionError: SASL: SCRAM-SERVER-FIRST-MESSAGE: client password must be a string","service":"user-service"}
{"level":"error","message":"SASL: SCRAM-SERVER-FIRST-MESSAGE: client password must be a string","service":"user-service"}
